2025-11-17 16:31:41 ERROR: Dispatcher exception: System.ArgumentException: 'NaN' is not a valid value for property 'Value'.
   at System.Windows.DependencyObject.SetValueCommon(DependencyProperty dp, Object value, PropertyMetadata metadata, Boolean coerceWithDeferredReference, Boolean coerceWithCurrentValue, OperationType operationType, Boolean isInternal)
   at System.Windows.Controls.Primitives.RangeBase.set_Value(Double value)
   at DJMixMaster.UI.Handlers.DeckEventHandler.UpdatePositionSlider(Int32 deckNumber) in C:\Users\rogue\code\djmixmaster\src\UI\Handlers\DeckEventHandler.cs:line 315
   at DJMixMaster.MainWindow.<.ctor>b__6_24(Object s, EventArgs e) in C:\Users\rogue\code\djmixmaster\src\MainWindow.xaml.cs:line 97
   at System.Windows.Threading.DispatcherTimer.FireTick()
   at System.Windows.Threading.ExceptionWrapper.InternalRealCall(Delegate callback, Object args, Int32 numArgs)
   at System.Windows.Threading.ExceptionWrapper.TryCatchWhen(Object source, Delegate callback, Object args, Int32 numArgs, Delegate catchHandler)
2025-11-17 21:08:20 ERROR: Dispatcher exception: System.ArgumentException: 'NaN' is not a valid value for property 'Value'.
   at System.Windows.DependencyObject.SetValueCommon(DependencyProperty dp, Object value, PropertyMetadata metadata, Boolean coerceWithDeferredReference, Boolean coerceWithCurrentValue, OperationType operationType, Boolean isInternal)
   at System.Windows.DependencyObject.SetValue(DependencyProperty dp, Object value)
   at DJMixMaster.UI.Handlers.DeckEventHandler.UpdatePositionSlider(Int32 deckNumber) in C:\users\rogue\code\djmixmaster\src\UI\Handlers\DeckEventHandler.cs:line 336
   at DJMixMaster.MainWindow.<.ctor>b__6_24(Object s, EventArgs e) in C:\users\rogue\code\djmixmaster\src\MainWindow.xaml.cs:line 97
   at System.Windows.Threading.DispatcherTimer.FireTick()
   at System.Windows.Threading.ExceptionWrapper.InternalRealCall(Delegate callback, Object args, Int32 numArgs)
   at System.Windows.Threading.ExceptionWrapper.TryCatchWhen(Object source, Delegate callback, Object args, Int32 numArgs, Delegate catchHandler)
2025-11-17 21:09:55 ERROR: Dispatcher exception: System.ArgumentException: 'NaN' is not a valid value for property 'Value'.
   at System.Windows.DependencyObject.SetValueCommon(DependencyProperty dp, Object value, PropertyMetadata metadata, Boolean coerceWithDeferredReference, Boolean coerceWithCurrentValue, OperationType operationType, Boolean isInternal)
   at System.Windows.DependencyObject.SetValue(DependencyProperty dp, Object value)
   at DJMixMaster.UI.Handlers.DeckEventHandler.UpdatePositionSlider(Int32 deckNumber) in C:\users\rogue\code\djmixmaster\src\UI\Handlers\DeckEventHandler.cs:line 336
   at DJMixMaster.MainWindow.<.ctor>b__6_24(Object s, EventArgs e) in C:\users\rogue\code\djmixmaster\src\MainWindow.xaml.cs:line 97
   at System.Windows.Threading.DispatcherTimer.FireTick()
   at System.Windows.Threading.ExceptionWrapper.InternalRealCall(Delegate callback, Object args, Int32 numArgs)
   at System.Windows.Threading.ExceptionWrapper.TryCatchWhen(Object source, Delegate callback, Object args, Int32 numArgs, Delegate catchHandler)
2025-11-17 21:14:52 ERROR: Dispatcher exception: System.ArgumentException: 'NaN' is not a valid value for property 'Value'.
   at System.Windows.DependencyObject.SetValueCommon(DependencyProperty dp, Object value, PropertyMetadata metadata, Boolean coerceWithDeferredReference, Boolean coerceWithCurrentValue, OperationType operationType, Boolean isInternal)
   at System.Windows.DependencyObject.SetValue(DependencyProperty dp, Object value)
   at DJMixMaster.UI.Handlers.DeckEventHandler.UpdatePositionSlider(Int32 deckNumber) in C:\users\rogue\code\djmixmaster\src\UI\Handlers\DeckEventHandler.cs:line 341
   at DJMixMaster.MainWindow.<.ctor>b__6_24(Object s, EventArgs e) in C:\users\rogue\code\djmixmaster\src\MainWindow.xaml.cs:line 97
   at System.Windows.Threading.DispatcherTimer.FireTick()
   at System.Windows.Threading.ExceptionWrapper.InternalRealCall(Delegate callback, Object args, Int32 numArgs)
   at System.Windows.Threading.ExceptionWrapper.TryCatchWhen(Object source, Delegate callback, Object args, Int32 numArgs, Delegate catchHandler)
2025-11-17 22:06:39 ERROR: Dispatcher exception: System.ArgumentException: 'NaN' is not a valid value for property 'Value'.
   at System.Windows.DependencyObject.SetValueCommon(DependencyProperty dp, Object value, PropertyMetadata metadata, Boolean coerceWithDeferredReference, Boolean coerceWithCurrentValue, OperationType operationType, Boolean isInternal)
   at System.Windows.DependencyObject.SetValue(DependencyProperty dp, Object value)
   at DJMixMaster.UI.Handlers.DeckEventHandler.UpdatePositionSlider(Int32 deckNumber) in C:\Users\rogue\code\djmixmaster\src\UI\Handlers\DeckEventHandler.cs:line 336
   at DJMixMaster.MainWindow.<.ctor>b__6_24(Object s, EventArgs e) in C:\Users\rogue\code\djmixmaster\src\MainWindow.xaml.cs:line 97
   at System.Windows.Threading.DispatcherTimer.FireTick()
   at System.Windows.Threading.ExceptionWrapper.InternalRealCall(Delegate callback, Object args, Int32 numArgs)
   at System.Windows.Threading.ExceptionWrapper.TryCatchWhen(Object source, Delegate callback, Object args, Int32 numArgs, Delegate catchHandler)
2025-11-17 22:25:46 ERROR: Dispatcher exception: System.ArgumentException: 'NaN' is not a valid value for property 'Value'.
   at System.Windows.DependencyObject.SetValueCommon(DependencyProperty dp, Object value, PropertyMetadata metadata, Boolean coerceWithDeferredReference, Boolean coerceWithCurrentValue, OperationType operationType, Boolean isInternal)
   at System.Windows.DependencyObject.SetValue(DependencyProperty dp, Object value)
   at DJMixMaster.UI.Handlers.DeckEventHandler.UpdatePositionSlider(Int32 deckNumber) in C:\Users\rogue\code\djmixmaster\src\UI\Handlers\DeckEventHandler.cs:line 336
   at DJMixMaster.MainWindow.<.ctor>b__6_24(Object s, EventArgs e) in C:\Users\rogue\code\djmixmaster\src\MainWindow.xaml.cs:line 97
   at System.Windows.Threading.DispatcherTimer.FireTick()
   at System.Windows.Threading.ExceptionWrapper.InternalRealCall(Delegate callback, Object args, Int32 numArgs)
   at System.Windows.Threading.ExceptionWrapper.TryCatchWhen(Object source, Delegate callback, Object args, Int32 numArgs, Delegate catchHandler)
2025-11-17 22:36:02 ERROR: Dispatcher exception: System.ArgumentException: 'NaN' is not a valid value for property 'Value'.
   at System.Windows.DependencyObject.SetValueCommon(DependencyProperty dp, Object value, PropertyMetadata metadata, Boolean coerceWithDeferredReference, Boolean coerceWithCurrentValue, OperationType operationType, Boolean isInternal)
   at System.Windows.DependencyObject.SetValue(DependencyProperty dp, Object value)
   at DJMixMaster.UI.Handlers.DeckEventHandler.UpdatePositionSlider(Int32 deckNumber) in C:\users\rogue\code\djmixmaster\src\UI\Handlers\DeckEventHandler.cs:line 336
   at DJMixMaster.MainWindow.<.ctor>b__6_24(Object s, EventArgs e) in C:\users\rogue\code\djmixmaster\src\MainWindow.xaml.cs:line 97
   at System.Windows.Threading.DispatcherTimer.FireTick()
   at System.Windows.Threading.ExceptionWrapper.InternalRealCall(Delegate callback, Object args, Int32 numArgs)
   at System.Windows.Threading.ExceptionWrapper.TryCatchWhen(Object source, Delegate callback, Object args, Int32 numArgs, Delegate catchHandler)
2025-11-17 22:39:41 ERROR: Dispatcher exception: System.ArgumentException: 'NaN' is not a valid value for property 'Value'.
   at System.Windows.DependencyObject.SetValueCommon(DependencyProperty dp, Object value, PropertyMetadata metadata, Boolean coerceWithDeferredReference, Boolean coerceWithCurrentValue, OperationType operationType, Boolean isInternal)
   at System.Windows.DependencyObject.SetValue(DependencyProperty dp, Object value)
   at DJMixMaster.UI.Handlers.DeckEventHandler.UpdatePositionSlider(Int32 deckNumber) in C:\users\rogue\code\djmixmaster\src\UI\Handlers\DeckEventHandler.cs:line 336
   at DJMixMaster.MainWindow.<.ctor>b__6_24(Object s, EventArgs e) in C:\users\rogue\code\djmixmaster\src\MainWindow.xaml.cs:line 97
   at System.Windows.Threading.DispatcherTimer.FireTick()
   at System.Windows.Threading.ExceptionWrapper.InternalRealCall(Delegate callback, Object args, Int32 numArgs)
   at System.Windows.Threading.ExceptionWrapper.TryCatchWhen(Object source, Delegate callback, Object args, Int32 numArgs, Delegate catchHandler)
2025-11-17 22:42:20 ERROR: Dispatcher exception: System.ArgumentException: 'NaN' is not a valid value for property 'Value'.
   at System.Windows.DependencyObject.SetValueCommon(DependencyProperty dp, Object value, PropertyMetadata metadata, Boolean coerceWithDeferredReference, Boolean coerceWithCurrentValue, OperationType operationType, Boolean isInternal)
   at System.Windows.DependencyObject.SetValue(DependencyProperty dp, Object value)
   at DJMixMaster.UI.Handlers.DeckEventHandler.UpdatePositionSlider(Int32 deckNumber) in C:\Users\rogue\code\djmixmaster\src\UI\Handlers\DeckEventHandler.cs:line 336
   at DJMixMaster.MainWindow.<.ctor>b__6_24(Object s, EventArgs e) in C:\Users\rogue\code\djmixmaster\src\MainWindow.xaml.cs:line 97
   at System.Windows.Threading.DispatcherTimer.FireTick()
   at System.Windows.Threading.ExceptionWrapper.InternalRealCall(Delegate callback, Object args, Int32 numArgs)
   at System.Windows.Threading.ExceptionWrapper.TryCatchWhen(Object source, Delegate callback, Object args, Int32 numArgs, Delegate catchHandler)
2025-11-17 22:51:10 ERROR: Dispatcher exception: System.ArgumentException: 'NaN' is not a valid value for property 'Value'.
   at System.Windows.DependencyObject.SetValueCommon(DependencyProperty dp, Object value, PropertyMetadata metadata, Boolean coerceWithDeferredReference, Boolean coerceWithCurrentValue, OperationType operationType, Boolean isInternal)
   at System.Windows.DependencyObject.SetValue(DependencyProperty dp, Object value)
   at DJMixMaster.UI.Handlers.DeckEventHandler.UpdatePositionSlider(Int32 deckNumber) in C:\users\rogue\code\djmixmaster\src\UI\Handlers\DeckEventHandler.cs:line 336
   at DJMixMaster.MainWindow.<.ctor>b__6_24(Object s, EventArgs e) in C:\users\rogue\code\djmixmaster\src\MainWindow.xaml.cs:line 105
   at System.Windows.Threading.DispatcherTimer.FireTick()
   at System.Windows.Threading.ExceptionWrapper.InternalRealCall(Delegate callback, Object args, Int32 numArgs)
   at System.Windows.Threading.ExceptionWrapper.TryCatchWhen(Object source, Delegate callback, Object args, Int32 numArgs, Delegate catchHandler)
2025-11-17 22:57:41 ERROR: Dispatcher exception: System.ArgumentException: 'NaN' is not a valid value for property 'Value'.
   at System.Windows.DependencyObject.SetValueCommon(DependencyProperty dp, Object value, PropertyMetadata metadata, Boolean coerceWithDeferredReference, Boolean coerceWithCurrentValue, OperationType operationType, Boolean isInternal)
   at System.Windows.DependencyObject.SetValue(DependencyProperty dp, Object value)
   at DJMixMaster.UI.Handlers.DeckEventHandler.UpdatePositionSlider(Int32 deckNumber) in C:\users\rogue\code\djmixmaster\src\UI\Handlers\DeckEventHandler.cs:line 336
   at DJMixMaster.MainWindow.<.ctor>b__6_24(Object s, EventArgs e) in C:\users\rogue\code\djmixmaster\src\MainWindow.xaml.cs:line 105
   at System.Windows.Threading.DispatcherTimer.FireTick()
   at System.Windows.Threading.ExceptionWrapper.InternalRealCall(Delegate callback, Object args, Int32 numArgs)
   at System.Windows.Threading.ExceptionWrapper.TryCatchWhen(Object source, Delegate callback, Object args, Int32 numArgs, Delegate catchHandler)
2025-11-18 00:05:10 ERROR: Dispatcher exception: System.ArgumentException: 'NaN' is not a valid value for property 'Value'.
   at System.Windows.DependencyObject.SetValueCommon(DependencyProperty dp, Object value, PropertyMetadata metadata, Boolean coerceWithDeferredReference, Boolean coerceWithCurrentValue, OperationType operationType, Boolean isInternal)
   at System.Windows.DependencyObject.SetValue(DependencyProperty dp, Object value)
   at DJMixMaster.UI.Handlers.DeckEventHandler.UpdatePositionSlider(Int32 deckNumber) in C:\users\rogue\code\djmixmaster\src\UI\Handlers\DeckEventHandler.cs:line 336
   at DJMixMaster.MainWindow.<.ctor>b__6_24(Object s, EventArgs e) in C:\users\rogue\code\djmixmaster\src\MainWindow.xaml.cs:line 105
   at System.Windows.Threading.DispatcherTimer.FireTick()
   at System.Windows.Threading.ExceptionWrapper.InternalRealCall(Delegate callback, Object args, Int32 numArgs)
   at System.Windows.Threading.ExceptionWrapper.TryCatchWhen(Object source, Delegate callback, Object args, Int32 numArgs, Delegate catchHandler)
